<?xml version="1.0" encoding="UTF-8"?>
<testng-results skipped="0" failed="0" total="1" passed="1">
  <reporter-output>
  </reporter-output>
  <suite name="Test by groups" duration-ms="10543" started-at="2018-08-05T03:04:14Z" finished-at="2018-08-05T03:04:24Z">
    <groups>
      <group name="retest">
        <method signature="TestNGGroups.test2()[pri:0, instance:test.TestNGGroups@651fd0]" name="test2" class="test.TestNGGroups"/>
      </group> <!-- retest -->
    </groups>
    <test name="GRP-retest" duration-ms="10543" started-at="2018-08-05T03:04:14Z" finished-at="2018-08-05T03:04:24Z">
      <class name="test.TestNGGroups">
        <test-method status="PASS" signature="test2()[pri:0, instance:test.TestNGGroups@651fd0]" name="test2" duration-ms="10522" started-at="2018-08-04T20:04:14Z" finished-at="2018-08-04T20:04:24Z">
          <reporter-output>
          </reporter-output>
        </test-method> <!-- test2 -->
      </class> <!-- test.TestNGGroups -->
    </test> <!-- GRP-retest -->
  </suite> <!-- Test by groups -->
</testng-results>
